<?xml version="1.0" encoding="UTF-8"?>
<testng-results ignored="0" total="2" passed="2" failed="0" skipped="0">
  <reporter-output>
  </reporter-output>
  <suite started-at="2023-08-15T16:13:03 IST" name="Suite" finished-at="2023-08-15T16:13:03 IST" duration-ms="28">
    <groups>
    </groups>
    <test started-at="2023-08-15T16:13:03 IST" name="Test" finished-at="2023-08-15T16:13:03 IST" duration-ms="28">
      <class name="deployClasses.Deploy1">
        <test-method signature="deploytest()[pri:0, instance:deployClasses.Deploy1@78ffe6dc]" started-at="2023-08-15T16:13:03 IST" name="deploytest" finished-at="2023-08-15T16:13:03 IST" duration-ms="1" status="PASS">
          <reporter-output>
          </reporter-output>
        </test-method> <!-- deploytest -->
      </class> <!-- deployClasses.Deploy1 -->
      <class name="deployClasses.Deploy2">
        <test-method signature="deploytest()[pri:0, instance:deployClasses.Deploy2@1d8bd0de]" started-at="2023-08-15T16:13:03 IST" name="deploytest" finished-at="2023-08-15T16:13:03 IST" duration-ms="4" status="PASS">
          <reporter-output>
          </reporter-output>
        </test-method> <!-- deploytest -->
      </class> <!-- deployClasses.Deploy2 -->
    </test> <!-- Test -->
  </suite> <!-- Suite -->
</testng-results>
