<?xml version="1.0" encoding="UTF-8"?>
<testng-results ignored="0" total="2" passed="2" failed="0" skipped="0">
  <reporter-output>
  </reporter-output>
  <suite started-at="2023-08-15T15:51:55 IST" name="Suite" finished-at="2023-08-15T15:51:55 IST" duration-ms="40">
    <groups>
    </groups>
    <test started-at="2023-08-15T15:51:55 IST" name="Test" finished-at="2023-08-15T15:51:55 IST" duration-ms="40">
      <class name="SimplePackage.Deploy2">
        <test-method signature="deploytest()[pri:0, instance:SimplePackage.Deploy2@1ba9117e]" started-at="2023-08-15T15:51:55 IST" name="deploytest" finished-at="2023-08-15T15:51:55 IST" duration-ms="1" status="PASS">
          <reporter-output>
          </reporter-output>
        </test-method> <!-- deploytest -->
      </class> <!-- SimplePackage.Deploy2 -->
      <class name="SimplePackage.Deploy1">
        <test-method signature="deploytest()[pri:0, instance:SimplePackage.Deploy1@10959ece]" started-at="2023-08-15T15:51:55 IST" name="deploytest" finished-at="2023-08-15T15:51:55 IST" duration-ms="6" status="PASS">
          <reporter-output>
          </reporter-output>
        </test-method> <!-- deploytest -->
      </class> <!-- SimplePackage.Deploy1 -->
    </test> <!-- Test -->
  </suite> <!-- Suite -->
</testng-results>
